<?xml version="1.0" encoding="UTF-8" ?>
<testsuite failures="0" time="0.763" errors="0" skipped="0" tests="1" name="org.insis.PowerPointTest">
  <properties>
    <property name="java.awt.graphicsenv" value="sun.awt.Win32GraphicsEnvironment"/>
    <property name="java.vm.vendor" value="Oracle Corporation"/>
    <property name="java.vm.name" value="Java HotSpot(TM) Client VM"/>
    <property name="user.country" value="CN"/>
    <property name="file.separator" value="\"/>
    <property name="user.name" value="Terry"/>
    <property name="guice.disable.misplaced.annotation.check" value="true"/>
    <property name="java.home" value="D:\Program Files\Java\jdk1.7.0_06\jre"/>
    <property name="file.encoding" value="GBK"/>
    <property name="java.ext.dirs" value="D:\Program Files\Java\jdk1.7.0_06\jre\lib\ext;C:\Windows\Sun\Java\lib\ext"/>
    <property name="os.version" value="6.1"/>
    <property name="sun.arch.data.model" value="32"/>
    <property name="file.encoding.pkg" value="sun.io"/>
    <property name="java.specification.version" value="1.7"/>
    <property name="line.separator" value="
"/>
    <property name="os.name" value="Windows 7"/>
    <property name="java.specification.vendor" value="Oracle Corporation"/>
    <property name="java.awt.printerjob" value="sun.awt.windows.WPrinterJob"/>
    <property name="sun.cpu.isalist" value="pentium_pro+mmx pentium_pro pentium+mmx pentium i486 i386 i86"/>
    <property name="classworlds.conf" value="F:\Eclipse3.5_projects\.metadata\.plugins\org.maven.ide.eclipse\launches\m2conf1822931937737603582.tmp"/>
    <property name="sun.java.command" value="org.codehaus.plexus.classworlds.launcher.Launcher -B -s F:\J2SE\apache-maven-3.0.5\conf\settings.xml package"/>
    <property name="sun.management.compiler" value="HotSpot Client Compiler"/>
    <property name="java.vm.specification.vendor" value="Oracle Corporation"/>
    <property name="java.vm.specification.name" value="Java Virtual Machine Specification"/>
    <property name="sun.desktop" value="windows"/>
    <property name="java.vm.version" value="23.2-b05"/>
    <property name="sun.io.unicode.encoding" value="UnicodeLittle"/>
    <property name="java.vendor.url.bug" value="http://bugreport.sun.com/bugreport/"/>
    <property name="os.arch" value="x86"/>
    <property name="java.vm.specification.version" value="1.7"/>
    <property name="maven.home" value="F:\J2SE\apache-maven-3.0.5"/>
    <property name="sun.java.launcher" value="SUN_STANDARD"/>
    <property name="user.home" value="C:\Users\Terry"/>
    <property name="java.vendor.url" value="http://java.oracle.com/"/>
    <property name="java.vm.info" value="mixed mode, sharing"/>
    <property name="java.vendor" value="Oracle Corporation"/>
    <property name="java.specification.name" value="Java Platform API Specification"/>
    <property name="java.endorsed.dirs" value="D:\Program Files\Java\jdk1.7.0_06\jre\lib\endorsed"/>
    <property name="user.timezone" value="Asia/Shanghai"/>
    <property name="sun.jnu.encoding" value="GBK"/>
    <property name="java.version" value="1.7.0_06-ea"/>
    <property name="java.class.version" value="51.0"/>
    <property name="user.script" value=""/>
    <property name="awt.toolkit" value="sun.awt.windows.WToolkit"/>
    <property name="java.library.path" value="D:\Program Files\Java\jdk1.7.0_06\jre\bin;C:\Windows\Sun\Java\bin;C:\Windows\system32;C:\Windows;C:\Program Files\AMD APP\bin\x86;D:\Program Files\SPSSInc\Clementine12.0\bin\;C:\Windows\system32;C:\Windows;C:\Windows\System32\Wbem;C:\Windows\System32\WindowsPowerShell\v1.0\;C:\Program Files\Common Files\Thunder Network\KanKan\Codecs;D:\Program Files\IVT Corporation\BlueSoleil\Mobile;D:\Program Files\Graphviz 2.28\bin;D:\Program Files\ATI Technologies\ATI.ACE\Core-Static;D:\Program Files\Java\jdk1.6.0_25\bin;D:\Program Files\QuickTime\QTSystem\;D:\Program Files\TortoiseSVN\bin;C:\Program Files\Microsoft\Web Platform Installer\;C:\Program Files\Microsoft ASP.NET\ASP.NET Web Pages\v1.0\;C:\Program Files\Windows Kits\8.0\Windows Performance Toolkit\;C:\Program Files\Microsoft SQL Server\110\Tools\Binn\;D:\Program Files\Java\jdk1.6.0_25\jre\bin;D:\Cygwin\bin;D:\Cygwin\usr\sbin;F:\J2SE\apache-maven-3.0.5\bin;."/>
    <property name="sun.cpu.endian" value="little"/>
    <property name="sun.os.patch.level" value="Service Pack 1"/>
    <property name="java.runtime.version" value="1.7.0_06-ea-b15"/>
    <property name="path.separator" value=";"/>
    <property name="java.class.path" value="F:\J2SE\apache-maven-3.0.5\boot\plexus-classworlds-2.4.jar"/>
    <property name="java.runtime.name" value="Java(TM) SE Runtime Environment"/>
    <property name="sun.boot.class.path" value="D:\Program Files\Java\jdk1.7.0_06\jre\lib\resources.jar;D:\Program Files\Java\jdk1.7.0_06\jre\lib\rt.jar;D:\Program Files\Java\jdk1.7.0_06\jre\lib\sunrsasign.jar;D:\Program Files\Java\jdk1.7.0_06\jre\lib\jsse.jar;D:\Program Files\Java\jdk1.7.0_06\jre\lib\jce.jar;D:\Program Files\Java\jdk1.7.0_06\jre\lib\charsets.jar;D:\Program Files\Java\jdk1.7.0_06\jre\lib\jfr.jar;D:\Program Files\Java\jdk1.7.0_06\jre\classes"/>
    <property name="sun.boot.library.path" value="D:\Program Files\Java\jdk1.7.0_06\jre\bin"/>
    <property name="user.language" value="zh"/>
    <property name="java.io.tmpdir" value="C:\Users\Terry\AppData\Local\Temp\"/>
    <property name="user.dir" value="F:\Eclipse3.5_projects\JPowerpoint"/>
    <property name="user.variant" value=""/>
  </properties>
  <testcase time="0.755" classname="org.insis.PowerPointTest" name="testPowerPoint"/>
</testsuite>